#
# There is insufficient memory for the Java Runtime Environment to continue.
# Native memory allocation (malloc) failed to allocate 8388608 bytes for card table expansion
# Possible reasons:
#   The system is out of physical RAM or swap space
#   In 32 bit mode, the process size limit was hit
# Possible solutions:
#   Reduce memory load on the system
#   Increase physical memory or swap space
#   Check if swap backing store is full
#   Use 64 bit Java on a 64 bit OS
#   Decrease Java heap size (-Xmx/-Xms)
#   Decrease number of Java threads
#   Decrease Java thread stack sizes (-Xss)
#   Set larger code cache with -XX:ReservedCodeCacheSize=
# This output file may be truncated or incomplete.
#
#  Out of Memory Error (cardTableModRefBS.cpp:290), pid=8000, tid=5132
#
# JRE version: 7.0_04-b22
# Java VM: Java HotSpot(TM) 64-Bit Server VM (23.0-b21 mixed mode windows-amd64 compressed oops)
# Failed to write core dump. Minidumps are not enabled by default on client versions of Windows
#

---------------  T H R E A D  ---------------

Current thread (0x000000000230e000):  JavaThread "Unknown thread" [_thread_in_vm, id=5132, stack(0x00000000025e0000,0x00000000026e0000)]

Stack: [0x00000000025e0000,0x00000000026e0000]

---------------  P R O C E S S  ---------------

Java Threads: ( => current thread )

Other Threads:

=>0x000000000230e000 (exited) JavaThread "Unknown thread" [_thread_in_vm, id=5132, stack(0x00000000025e0000,0x00000000026e0000)]

VM state:not at safepoint (not fully initialized)

VM Mutex/Monitor currently owned by a thread: None

GC Heap History (0 events):
No events

Deoptimization events (0 events):
No events

Internal exceptions (0 events):
No events

Events (0 events):
No events


Dynamic libraries:
0x000000003fbf0000 - 0x000000003fc24000 	C:\Program Files\Java\jre7\bin\javaw.exe
0x0000000077ab0000 - 0x0000000077c5c000 	C:\Windows\SYSTEM32\ntdll.dll
0x0000000077890000 - 0x00000000779af000 	C:\Windows\system32\kernel32.dll
0x00000000fddb0000 - 0x00000000fde1c000 	C:\Windows\system32\KERNELBASE.dll
0x00000000fe010000 - 0x00000000fe0eb000 	C:\Windows\system32\ADVAPI32.dll
0x00000000ff490000 - 0x00000000ff52f000 	C:\Windows\system32\msvcrt.dll
0x00000000fdff0000 - 0x00000000fe00f000 	C:\Windows\SYSTEM32\sechost.dll
0x00000000ffa50000 - 0x00000000ffb7e000 	C:\Windows\system32\RPCRT4.dll
0x00000000779b0000 - 0x0000000077aaa000 	C:\Windows\system32\USER32.dll
0x00000000ffb80000 - 0x00000000ffbe7000 	C:\Windows\system32\GDI32.dll
0x00000000fe4d0000 - 0x00000000fe4de000 	C:\Windows\system32\LPK.dll
0x00000000fe4e0000 - 0x00000000fe5aa000 	C:\Windows\system32\USP10.dll
0x00000000fbf40000 - 0x00000000fc134000 	C:\Windows\WinSxS\amd64_microsoft.windows.common-controls_6595b64144ccf1df_6.0.7600.16661_none_fa62ad231704eab7\COMCTL32.dll
0x00000000fdf70000 - 0x00000000fdfe1000 	C:\Windows\system32\SHLWAPI.dll
0x00000000fe400000 - 0x00000000fe42e000 	C:\Windows\system32\IMM32.DLL
0x00000000fde60000 - 0x00000000fdf69000 	C:\Windows\system32\MSCTF.dll
0x0000000064e40000 - 0x0000000064f11000 	C:\Program Files\Java\jre7\bin\msvcr100.dll
0x0000000054110000 - 0x000000005482a000 	C:\Program Files\Java\jre7\bin\server\jvm.dll
0x00000000fd820000 - 0x00000000fd829000 	C:\Windows\system32\WSOCK32.dll
0x00000000ff420000 - 0x00000000ff46d000 	C:\Windows\system32\WS2_32.dll
0x00000000fe350000 - 0x00000000fe358000 	C:\Windows\system32\NSI.dll
0x00000000fb430000 - 0x00000000fb46b000 	C:\Windows\system32\WINMM.dll
0x0000000077c70000 - 0x0000000077c77000 	C:\Windows\system32\PSAPI.DLL
0x0000000065210000 - 0x000000006521f000 	C:\Program Files\Java\jre7\bin\verify.dll
0x0000000065070000 - 0x0000000065098000 	C:\Program Files\Java\jre7\bin\java.dll
0x0000000065050000 - 0x0000000065065000 	C:\Program Files\Java\jre7\bin\zip.dll

VM Arguments:
jvm_args: -Xmx6G -Xms6G -Dfile.encoding=Cp1252 
java_command: eu.reitmayer.texttable.ui.MainFrame
Launcher Type: SUN_STANDARD

Environment Variables:
JAVA_HOME=C:\Program Files\Java\jdk1.7.0_04
PATH=F:\app\freitmay\product\11.2.0\dbhome_1\bin;C:\Program Files\Common Files\Open Text\Spawner\bin;C:\Perl64\site\bin;C:\Perl64\bin;F:\bin\apache-ant-1.7.0\bin;C:\Windows\system32;C:\Windows;C:\Windows\System32\Wbem;C:\Windows\System32\WindowsPowerShell\v1.0\;C:\Program Files\Dell\DW WLAN Card;C:\Program Files (x86)\Open Text\Email Archiving for MSX - Clients\;C:\Program Files (x86)\IXOS\bin;C:\Program Files\jEdit;C:\Windows\Microsoft.NET\Framework\v4.0.30319;C:\Program Files (x86)\Open Text\Scan\bin;C:\Program Files (x86)\scala\\bin;F:\bin\UnxUtils\usr\local\wbin
USERNAME=freitmay
OS=Windows_NT
PROCESSOR_IDENTIFIER=Intel64 Family 6 Model 26 Stepping 5, GenuineIntel



---------------  S Y S T E M  ---------------

OS: Windows 7 , 64 bit Build 7600 

CPU:total 4 (4 cores per cpu, 2 threads per core) family 6 model 26 stepping 5, cmov, cx8, fxsr, mmx, sse, sse2, sse3, ssse3, sse4.1, sse4.2, popcnt, ht, tsc, tscinvbit, tscinv

Memory: 4k page, physical 12580408k(5704608k free), swap 42969884k(5597816k free)

vm_info: Java HotSpot(TM) 64-Bit Server VM (23.0-b21) for windows-amd64 JRE (1.7.0_04-b22), built on May  2 2012 23:28:26 by "java_re" with unknown MS VC++:1600

time: Tue Oct 09 08:22:54 2012
elapsed time: 0 seconds

